<?xml version="1.0" encoding="UTF-8"?>
<testsuite name="com.example.logisticcompany.model.OfficeTest" tests="1" skipped="0" failures="0" errors="0" timestamp="2023-02-13T21:13:59" hostname="VIKTORG14" time="0.023">
  <properties/>
  <testcase name="testConstructor()" classname="com.example.logisticcompany.model.OfficeTest" time="0.023"/>
  <system-out><![CDATA[]]></system-out>
  <system-err><![CDATA[]]></system-err>
</testsuite>
