<?xml version="1.0" encoding="UTF-8"?>
<testsuite name="com.example.logisticcompany.model.UserTest" tests="6" skipped="0" failures="0" errors="0" timestamp="2023-02-13T20:36:19" hostname="VIKTORG14" time="0.033">
  <properties/>
  <testcase name="testGetAuthorities2()" classname="com.example.logisticcompany.model.UserTest" time="0.022"/>
  <testcase name="testIsEnabled()" classname="com.example.logisticcompany.model.UserTest" time="0.002"/>
  <testcase name="testIsAccountNonLocked()" classname="com.example.logisticcompany.model.UserTest" time="0.001"/>
  <testcase name="testIsEnabled2()" classname="com.example.logisticcompany.model.UserTest" time="0.001"/>
  <testcase name="testIsAccountNonLocked2()" classname="com.example.logisticcompany.model.UserTest" time="0.001"/>
  <testcase name="testConstructor()" classname="com.example.logisticcompany.model.UserTest" time="0.001"/>
  <system-out><![CDATA[]]></system-out>
  <system-err><![CDATA[]]></system-err>
</testsuite>
